<?xml version="1.0" encoding="UTF-8"?>
<testng-results ignored="0" total="27" passed="24" failed="1" skipped="2">
  <reporter-output>
  </reporter-output>
  <suite started-at="2024-09-18T21:01:49 IST" name="Suite" finished-at="2024-09-18T21:02:05 IST" duration-ms="16511">
    <groups>
    </groups>
    <test started-at="2024-09-18T21:01:49 IST" name="Test" finished-at="2024-09-18T21:02:05 IST" duration-ms="16511">
      <class name="basicTestng.OrangeHRM_PIM3">
        <test-method signature="create_PIM()[pri:1, instance:basicTestng.OrangeHRM_PIM3@6892b3b6]" started-at="2024-09-18T21:02:04 IST" name="create_PIM" finished-at="2024-09-18T21:02:04 IST" duration-ms="7" status="PASS">
          <reporter-output>
          </reporter-output>
        </test-method> <!-- create_PIM -->
        <test-method signature="create_PIM()[pri:1, instance:basicTestng.OrangeHRM_PIM3@6892b3b6]" started-at="2024-09-18T21:02:04 IST" name="create_PIM" finished-at="2024-09-18T21:02:04 IST" duration-ms="1" status="PASS">
          <reporter-output>
          </reporter-output>
        </test-method> <!-- create_PIM -->
        <test-method signature="create_PIM()[pri:1, instance:basicTestng.OrangeHRM_PIM3@6892b3b6]" started-at="2024-09-18T21:02:04 IST" name="create_PIM" finished-at="2024-09-18T21:02:04 IST" duration-ms="2" status="PASS">
          <reporter-output>
          </reporter-output>
        </test-method> <!-- create_PIM -->
        <test-method signature="update_PIM()[pri:2, instance:basicTestng.OrangeHRM_PIM3@6892b3b6]" started-at="2024-09-18T21:02:04 IST" name="update_PIM" finished-at="2024-09-18T21:02:05 IST" depends-on-methods="basicTestng.OrangeHRM_PIM3.create_PIM" duration-ms="1515" status="PASS">
          <reporter-output>
          </reporter-output>
        </test-method> <!-- update_PIM -->
        <test-method signature="delete_PIM()[pri:3, instance:basicTestng.OrangeHRM_PIM3@6892b3b6]" started-at="2024-09-18T21:02:05 IST" name="delete_PIM" finished-at="2024-09-18T21:02:05 IST" depends-on-methods="basicTestng.OrangeHRM_PIM3.create_PIM" duration-ms="1" status="PASS">
          <exception class="java.lang.ArithmeticException">
            <message>
              <![CDATA[/ by zero]]>
            </message>
            <full-stacktrace>
              <![CDATA[java.lang.ArithmeticException: / by zero
at basicTestng.OrangeHRM_PIM3.delete_PIM(OrangeHRM_PIM3.java:18)
at java.base/jdk.internal.reflect.NativeMethodAccessorImpl.invoke0(Native Method)
at java.base/jdk.internal.reflect.NativeMethodAccessorImpl.invoke(NativeMethodAccessorImpl.java:77)
at java.base/jdk.internal.reflect.DelegatingMethodAccessorImpl.invoke(DelegatingMethodAccessorImpl.java:43)
at java.base/java.lang.reflect.Method.invoke(Method.java:568)
at org.testng.internal.invokers.MethodInvocationHelper.invokeMethod(MethodInvocationHelper.java:139)
at org.testng.internal.invokers.TestInvoker.invokeMethod(TestInvoker.java:664)
at org.testng.internal.invokers.TestInvoker.invokeTestMethod(TestInvoker.java:227)
at org.testng.internal.invokers.MethodRunner.runInSequence(MethodRunner.java:50)
at org.testng.internal.invokers.TestInvoker$MethodInvocationAgent.invoke(TestInvoker.java:957)
at org.testng.internal.invokers.TestInvoker.invokeTestMethods(TestInvoker.java:200)
at org.testng.internal.invokers.TestMethodWorker.invokeTestMethods(TestMethodWorker.java:148)
at org.testng.internal.invokers.TestMethodWorker.run(TestMethodWorker.java:128)
at java.base/java.util.ArrayList.forEach(ArrayList.java:1511)
at org.testng.TestRunner.privateRun(TestRunner.java:848)
at org.testng.TestRunner.run(TestRunner.java:621)
at org.testng.SuiteRunner.runTest(SuiteRunner.java:443)
at org.testng.SuiteRunner.runSequentially(SuiteRunner.java:437)
at org.testng.SuiteRunner.privateRun(SuiteRunner.java:397)
at org.testng.SuiteRunner.run(SuiteRunner.java:336)
at org.testng.SuiteRunnerWorker.runSuite(SuiteRunnerWorker.java:52)
at org.testng.SuiteRunnerWorker.run(SuiteRunnerWorker.java:95)
at org.testng.TestNG.runSuitesSequentially(TestNG.java:1280)
at org.testng.TestNG.runSuitesLocally(TestNG.java:1200)
at org.testng.TestNG.runSuites(TestNG.java:1114)
at org.testng.TestNG.run(TestNG.java:1082)
at org.testng.remote.AbstractRemoteTestNG.run(AbstractRemoteTestNG.java:115)
at org.testng.remote.RemoteTestNG.initAndRun(RemoteTestNG.java:251)
at org.testng.remote.RemoteTestNG.main(RemoteTestNG.java:77)
]]>
            </full-stacktrace>
          </exception> <!-- java.lang.ArithmeticException -->
          <reporter-output>
          </reporter-output>
        </test-method> <!-- delete_PIM -->
      </class> <!-- basicTestng.OrangeHRM_PIM3 -->
      <class name="basicTestng.AnnotationsExample">
        <test-method is-config="true" signature="beforeTest()[pri:0, instance:basicTestng.AnnotationsExample@11392934]" started-at="2024-09-18T21:01:49 IST" name="beforeTest" finished-at="2024-09-18T21:01:49 IST" duration-ms="48" status="PASS">
          <reporter-output>
          </reporter-output>
        </test-method> <!-- beforeTest -->
        <test-method is-config="true" signature="beforeClass()[pri:0, instance:basicTestng.AnnotationsExample@11392934]" started-at="2024-09-18T21:02:04 IST" name="beforeClass" finished-at="2024-09-18T21:02:04 IST" duration-ms="1" status="PASS">
          <reporter-output>
          </reporter-output>
        </test-method> <!-- beforeClass -->
        <test-method is-config="true" signature="beforeMethod()[pri:0, instance:basicTestng.AnnotationsExample@11392934]" started-at="2024-09-18T21:02:04 IST" name="beforeMethod" finished-at="2024-09-18T21:02:04 IST" duration-ms="1" status="PASS">
          <reporter-output>
          </reporter-output>
        </test-method> <!-- beforeMethod -->
        <test-method signature="createPIM()[pri:1, instance:basicTestng.AnnotationsExample@11392934]" started-at="2024-09-18T21:02:04 IST" name="createPIM" finished-at="2024-09-18T21:02:04 IST" duration-ms="5" status="PASS">
          <reporter-output>
          </reporter-output>
        </test-method> <!-- createPIM -->
        <test-method is-config="true" signature="afterMethod()[pri:0, instance:basicTestng.AnnotationsExample@11392934]" started-at="2024-09-18T21:02:04 IST" name="afterMethod" finished-at="2024-09-18T21:02:04 IST" duration-ms="2" status="PASS">
          <reporter-output>
          </reporter-output>
        </test-method> <!-- afterMethod -->
        <test-method is-config="true" signature="beforeMethod()[pri:0, instance:basicTestng.AnnotationsExample@11392934]" started-at="2024-09-18T21:02:04 IST" name="beforeMethod" finished-at="2024-09-18T21:02:04 IST" duration-ms="1" status="PASS">
          <reporter-output>
          </reporter-output>
        </test-method> <!-- beforeMethod -->
        <test-method signature="updatePIM()[pri:2, instance:basicTestng.AnnotationsExample@11392934]" started-at="2024-09-18T21:02:04 IST" name="updatePIM" finished-at="2024-09-18T21:02:04 IST" duration-ms="2" status="PASS">
          <reporter-output>
          </reporter-output>
        </test-method> <!-- updatePIM -->
        <test-method is-config="true" signature="afterMethod()[pri:0, instance:basicTestng.AnnotationsExample@11392934]" started-at="2024-09-18T21:02:04 IST" name="afterMethod" finished-at="2024-09-18T21:02:04 IST" duration-ms="1" status="PASS">
          <reporter-output>
          </reporter-output>
        </test-method> <!-- afterMethod -->
        <test-method is-config="true" signature="beforeMethod()[pri:0, instance:basicTestng.AnnotationsExample@11392934]" started-at="2024-09-18T21:02:04 IST" name="beforeMethod" finished-at="2024-09-18T21:02:04 IST" duration-ms="2" status="PASS">
          <reporter-output>
          </reporter-output>
        </test-method> <!-- beforeMethod -->
        <test-method signature="deletePIM()[pri:3, instance:basicTestng.AnnotationsExample@11392934]" started-at="2024-09-18T21:02:04 IST" name="deletePIM" finished-at="2024-09-18T21:02:04 IST" duration-ms="4" status="PASS">
          <reporter-output>
          </reporter-output>
        </test-method> <!-- deletePIM -->
        <test-method is-config="true" signature="afterMethod()[pri:0, instance:basicTestng.AnnotationsExample@11392934]" started-at="2024-09-18T21:02:04 IST" name="afterMethod" finished-at="2024-09-18T21:02:04 IST" duration-ms="1" status="PASS">
          <reporter-output>
          </reporter-output>
        </test-method> <!-- afterMethod -->
        <test-method is-config="true" signature="afterClass()[pri:0, instance:basicTestng.AnnotationsExample@11392934]" started-at="2024-09-18T21:02:04 IST" name="afterClass" finished-at="2024-09-18T21:02:04 IST" duration-ms="1" status="PASS">
          <reporter-output>
          </reporter-output>
        </test-method> <!-- afterClass -->
        <test-method is-config="true" signature="afterTest()[pri:0, instance:basicTestng.AnnotationsExample@11392934]" started-at="2024-09-18T21:02:05 IST" name="afterTest" finished-at="2024-09-18T21:02:05 IST" duration-ms="1" status="PASS">
          <reporter-output>
          </reporter-output>
        </test-method> <!-- afterTest -->
      </class> <!-- basicTestng.AnnotationsExample -->
      <class name="basicTestng.Example2">
        <test-method signature="testCase1()[pri:0, instance:basicTestng.Example2@5677323c]" started-at="2024-09-18T21:02:02 IST" name="testCase1" finished-at="2024-09-18T21:02:02 IST" duration-ms="6" status="PASS">
          <reporter-output>
          </reporter-output>
        </test-method> <!-- testCase1 -->
        <test-method signature="testCase2()[pri:0, instance:basicTestng.Example2@5677323c]" started-at="2024-09-18T21:02:02 IST" name="testCase2" finished-at="2024-09-18T21:02:02 IST" duration-ms="13" status="PASS">
          <reporter-output>
          </reporter-output>
        </test-method> <!-- testCase2 -->
      </class> <!-- basicTestng.Example2 -->
      <class name="basicTestng.OrangeHRM_PIM2">
        <test-method signature="create_PIM()[pri:1, instance:basicTestng.OrangeHRM_PIM2@65c7a252]" started-at="2024-09-18T21:02:02 IST" name="create_PIM" finished-at="2024-09-18T21:02:02 IST" duration-ms="2" status="PASS">
          <reporter-output>
          </reporter-output>
        </test-method> <!-- create_PIM -->
        <test-method signature="create_PIM()[pri:1, instance:basicTestng.OrangeHRM_PIM2@65c7a252]" started-at="2024-09-18T21:02:02 IST" name="create_PIM" finished-at="2024-09-18T21:02:02 IST" duration-ms="3" status="PASS">
          <reporter-output>
          </reporter-output>
        </test-method> <!-- create_PIM -->
        <test-method signature="create_PIM()[pri:1, instance:basicTestng.OrangeHRM_PIM2@65c7a252]" started-at="2024-09-18T21:02:02 IST" name="create_PIM" finished-at="2024-09-18T21:02:02 IST" duration-ms="2" status="PASS">
          <reporter-output>
          </reporter-output>
        </test-method> <!-- create_PIM -->
        <test-method signature="update_PIM()[pri:2, instance:basicTestng.OrangeHRM_PIM2@65c7a252]" started-at="2024-09-18T21:02:02 IST" name="update_PIM" finished-at="2024-09-18T21:02:04 IST" depends-on-methods="basicTestng.OrangeHRM_PIM2.create_PIM" duration-ms="1513" status="PASS">
          <reporter-output>
          </reporter-output>
        </test-method> <!-- update_PIM -->
        <test-method signature="delete_PIM()[pri:3, instance:basicTestng.OrangeHRM_PIM2@65c7a252]" started-at="2024-09-18T21:02:04 IST" name="delete_PIM" description="After successfull PIM creation, deletion is performed" finished-at="2024-09-18T21:02:04 IST" depends-on-methods="basicTestng.OrangeHRM_PIM2.create_PIM" duration-ms="2" status="PASS">
          <reporter-output>
          </reporter-output>
        </test-method> <!-- delete_PIM -->
      </class> <!-- basicTestng.OrangeHRM_PIM2 -->
      <class name="basicTestng.Example1">
        <test-method signature="testCase1()[pri:0, instance:basicTestng.Example1@18df8434]" started-at="2024-09-18T21:02:02 IST" name="testCase1" finished-at="2024-09-18T21:02:02 IST" duration-ms="3" status="PASS">
          <reporter-output>
          </reporter-output>
        </test-method> <!-- testCase1 -->
      </class> <!-- basicTestng.Example1 -->
      <class name="basicTestng.ActitimeLoginValidation">
        <test-method signature="testLoginPageValidationWithAssert4()[pri:5, instance:basicTestng.ActitimeLoginValidation@3527942a]" started-at="2024-09-18T21:01:49 IST" name="testLoginPageValidationWithAssert4" finished-at="2024-09-18T21:02:02 IST" duration-ms="13046" status="PASS">
          <reporter-output>
          </reporter-output>
        </test-method> <!-- testLoginPageValidationWithAssert4 -->
      </class> <!-- basicTestng.ActitimeLoginValidation -->
      <class name="basicTestng.Assignments">
        <test-method signature="testActitimeLoginLogout()[pri:0, instance:basicTestng.Assignments@4d154ccd]" started-at="2024-09-18T21:02:04 IST" name="testActitimeLoginLogout" finished-at="2024-09-18T21:02:04 IST" duration-ms="1" status="PASS">
          <reporter-output>
          </reporter-output>
        </test-method> <!-- testActitimeLoginLogout -->
        <test-method signature="testOrangeHRMLoginLogout()[pri:0, instance:basicTestng.Assignments@4d154ccd]" started-at="2024-09-18T21:02:04 IST" name="testOrangeHRMLoginLogout" finished-at="2024-09-18T21:02:04 IST" duration-ms="1" status="PASS">
          <reporter-output>
          </reporter-output>
        </test-method> <!-- testOrangeHRMLoginLogout -->
        <test-method signature="testTricentisLoginLogout()[pri:0, instance:basicTestng.Assignments@4d154ccd]" started-at="2024-09-18T21:02:04 IST" name="testTricentisLoginLogout" finished-at="2024-09-18T21:02:04 IST" duration-ms="3" status="PASS">
          <reporter-output>
          </reporter-output>
        </test-method> <!-- testTricentisLoginLogout -->
        <test-method signature="testVtigerLoginLogout()[pri:0, instance:basicTestng.Assignments@4d154ccd]" started-at="2024-09-18T21:02:04 IST" name="testVtigerLoginLogout" finished-at="2024-09-18T21:02:04 IST" duration-ms="2" status="PASS">
          <reporter-output>
          </reporter-output>
        </test-method> <!-- testVtigerLoginLogout -->
      </class> <!-- basicTestng.Assignments -->
      <class name="basicTestng.AnnotationsExample2">
        <test-method is-config="true" signature="beforeTest()[pri:0, instance:basicTestng.AnnotationsExample2@2a265ea9]" started-at="2024-09-18T21:01:49 IST" name="beforeTest" finished-at="2024-09-18T21:01:49 IST" duration-ms="4" status="PASS">
          <reporter-output>
          </reporter-output>
        </test-method> <!-- beforeTest -->
        <test-method is-config="true" signature="beforeMethod()[pri:0, instance:basicTestng.AnnotationsExample2@2a265ea9]" started-at="2024-09-18T21:02:04 IST" name="beforeMethod" finished-at="2024-09-18T21:02:04 IST" duration-ms="1" status="PASS">
          <reporter-output>
          </reporter-output>
        </test-method> <!-- beforeMethod -->
        <test-method signature="createPIM()[pri:1, instance:basicTestng.AnnotationsExample2@2a265ea9]" started-at="2024-09-18T21:02:04 IST" name="createPIM" finished-at="2024-09-18T21:02:04 IST" duration-ms="1" status="PASS">
          <reporter-output>
          </reporter-output>
        </test-method> <!-- createPIM -->
        <test-method is-config="true" signature="afterMethod()[pri:0, instance:basicTestng.AnnotationsExample2@2a265ea9]" started-at="2024-09-18T21:02:04 IST" name="afterMethod" finished-at="2024-09-18T21:02:04 IST" duration-ms="0" status="PASS">
          <reporter-output>
          </reporter-output>
        </test-method> <!-- afterMethod -->
        <test-method is-config="true" signature="beforeMethod()[pri:0, instance:basicTestng.AnnotationsExample2@2a265ea9]" started-at="2024-09-18T21:02:04 IST" name="beforeMethod" finished-at="2024-09-18T21:02:04 IST" duration-ms="0" status="PASS">
          <reporter-output>
          </reporter-output>
        </test-method> <!-- beforeMethod -->
        <test-method signature="updatePIM()[pri:2, instance:basicTestng.AnnotationsExample2@2a265ea9]" started-at="2024-09-18T21:02:04 IST" name="updatePIM" finished-at="2024-09-18T21:02:04 IST" duration-ms="3" status="PASS">
          <reporter-output>
          </reporter-output>
        </test-method> <!-- updatePIM -->
        <test-method is-config="true" signature="afterMethod()[pri:0, instance:basicTestng.AnnotationsExample2@2a265ea9]" started-at="2024-09-18T21:02:04 IST" name="afterMethod" finished-at="2024-09-18T21:02:04 IST" duration-ms="1" status="PASS">
          <reporter-output>
          </reporter-output>
        </test-method> <!-- afterMethod -->
        <test-method is-config="true" signature="beforeMethod()[pri:0, instance:basicTestng.AnnotationsExample2@2a265ea9]" started-at="2024-09-18T21:02:04 IST" name="beforeMethod" finished-at="2024-09-18T21:02:04 IST" duration-ms="0" status="PASS">
          <reporter-output>
          </reporter-output>
        </test-method> <!-- beforeMethod -->
        <test-method signature="deletePIM()[pri:3, instance:basicTestng.AnnotationsExample2@2a265ea9]" started-at="2024-09-18T21:02:04 IST" name="deletePIM" finished-at="2024-09-18T21:02:04 IST" duration-ms="1" status="PASS">
          <reporter-output>
          </reporter-output>
        </test-method> <!-- deletePIM -->
        <test-method is-config="true" signature="afterMethod()[pri:0, instance:basicTestng.AnnotationsExample2@2a265ea9]" started-at="2024-09-18T21:02:04 IST" name="afterMethod" finished-at="2024-09-18T21:02:04 IST" duration-ms="0" status="PASS">
          <reporter-output>
          </reporter-output>
        </test-method> <!-- afterMethod -->
        <test-method is-config="true" signature="afterTest()[pri:0, instance:basicTestng.AnnotationsExample2@2a265ea9]" started-at="2024-09-18T21:02:05 IST" name="afterTest" finished-at="2024-09-18T21:02:05 IST" duration-ms="0" status="PASS">
          <reporter-output>
          </reporter-output>
        </test-method> <!-- afterTest -->
      </class> <!-- basicTestng.AnnotationsExample2 -->
      <class name="basicTestng.OrangeHRM_PIM">
        <test-method signature="create_PIM()[pri:1, instance:basicTestng.OrangeHRM_PIM@537f60bf]" started-at="2024-09-18T21:02:02 IST" name="create_PIM" finished-at="2024-09-18T21:02:02 IST" duration-ms="3" status="FAIL">
          <exception class="java.lang.ArithmeticException">
            <message>
              <![CDATA[/ by zero]]>
            </message>
            <full-stacktrace>
              <![CDATA[java.lang.ArithmeticException: / by zero
at basicTestng.OrangeHRM_PIM.create_PIM(OrangeHRM_PIM.java:9)
at java.base/jdk.internal.reflect.NativeMethodAccessorImpl.invoke0(Native Method)
at java.base/jdk.internal.reflect.NativeMethodAccessorImpl.invoke(NativeMethodAccessorImpl.java:77)
at java.base/jdk.internal.reflect.DelegatingMethodAccessorImpl.invoke(DelegatingMethodAccessorImpl.java:43)
at java.base/java.lang.reflect.Method.invoke(Method.java:568)
at org.testng.internal.invokers.MethodInvocationHelper.invokeMethod(MethodInvocationHelper.java:139)
at org.testng.internal.invokers.TestInvoker.invokeMethod(TestInvoker.java:664)
at org.testng.internal.invokers.TestInvoker.invokeTestMethod(TestInvoker.java:227)
at org.testng.internal.invokers.MethodRunner.runInSequence(MethodRunner.java:50)
at org.testng.internal.invokers.TestInvoker$MethodInvocationAgent.invoke(TestInvoker.java:957)
at org.testng.internal.invokers.TestInvoker.invokeTestMethods(TestInvoker.java:200)
at org.testng.internal.invokers.TestMethodWorker.invokeTestMethods(TestMethodWorker.java:148)
at org.testng.internal.invokers.TestMethodWorker.run(TestMethodWorker.java:128)
at java.base/java.util.ArrayList.forEach(ArrayList.java:1511)
at org.testng.TestRunner.privateRun(TestRunner.java:848)
at org.testng.TestRunner.run(TestRunner.java:621)
at org.testng.SuiteRunner.runTest(SuiteRunner.java:443)
at org.testng.SuiteRunner.runSequentially(SuiteRunner.java:437)
at org.testng.SuiteRunner.privateRun(SuiteRunner.java:397)
at org.testng.SuiteRunner.run(SuiteRunner.java:336)
at org.testng.SuiteRunnerWorker.runSuite(SuiteRunnerWorker.java:52)
at org.testng.SuiteRunnerWorker.run(SuiteRunnerWorker.java:95)
at org.testng.TestNG.runSuitesSequentially(TestNG.java:1280)
at org.testng.TestNG.runSuitesLocally(TestNG.java:1200)
at org.testng.TestNG.runSuites(TestNG.java:1114)
at org.testng.TestNG.run(TestNG.java:1082)
at org.testng.remote.AbstractRemoteTestNG.run(AbstractRemoteTestNG.java:115)
at org.testng.remote.RemoteTestNG.initAndRun(RemoteTestNG.java:251)
at org.testng.remote.RemoteTestNG.main(RemoteTestNG.java:77)
]]>
            </full-stacktrace>
          </exception> <!-- java.lang.ArithmeticException -->
          <reporter-output>
          </reporter-output>
        </test-method> <!-- create_PIM -->
        <test-method signature="update_PIM()[pri:2, instance:basicTestng.OrangeHRM_PIM@537f60bf]" started-at="2024-09-18T21:02:02 IST" name="update_PIM" finished-at="2024-09-18T21:02:02 IST" depends-on-methods="basicTestng.OrangeHRM_PIM.create_PIM" duration-ms="1" status="SKIP">
          <exception class="java.lang.Throwable">
            <message>
              <![CDATA[Method basicTestng.OrangeHRM_PIM.update_PIM() on instance basicTestng.OrangeHRM_PIM@537f60bf depends on not successfully finished methods 
[basicTestng.OrangeHRM_PIM.create_PIM() on instance basicTestng.OrangeHRM_PIM@537f60bf]]]>
            </message>
            <full-stacktrace>
              <![CDATA[java.lang.Throwable: Method basicTestng.OrangeHRM_PIM.update_PIM() on instance basicTestng.OrangeHRM_PIM@537f60bf depends on not successfully finished methods 
[basicTestng.OrangeHRM_PIM.create_PIM() on instance basicTestng.OrangeHRM_PIM@537f60bf]
at org.testng.internal.invokers.TestInvoker.invokeTestMethods(TestInvoker.java:156)
at org.testng.internal.invokers.TestMethodWorker.invokeTestMethods(TestMethodWorker.java:148)
at org.testng.internal.invokers.TestMethodWorker.run(TestMethodWorker.java:128)
at java.base/java.util.ArrayList.forEach(ArrayList.java:1511)
at org.testng.TestRunner.privateRun(TestRunner.java:848)
at org.testng.TestRunner.run(TestRunner.java:621)
at org.testng.SuiteRunner.runTest(SuiteRunner.java:443)
at org.testng.SuiteRunner.runSequentially(SuiteRunner.java:437)
at org.testng.SuiteRunner.privateRun(SuiteRunner.java:397)
at org.testng.SuiteRunner.run(SuiteRunner.java:336)
at org.testng.SuiteRunnerWorker.runSuite(SuiteRunnerWorker.java:52)
at org.testng.SuiteRunnerWorker.run(SuiteRunnerWorker.java:95)
at org.testng.TestNG.runSuitesSequentially(TestNG.java:1280)
at org.testng.TestNG.runSuitesLocally(TestNG.java:1200)
at org.testng.TestNG.runSuites(TestNG.java:1114)
at org.testng.TestNG.run(TestNG.java:1082)
at org.testng.remote.AbstractRemoteTestNG.run(AbstractRemoteTestNG.java:115)
at org.testng.remote.RemoteTestNG.initAndRun(RemoteTestNG.java:251)
at org.testng.remote.RemoteTestNG.main(RemoteTestNG.java:77)
]]>
            </full-stacktrace>
          </exception> <!-- java.lang.Throwable -->
          <reporter-output>
          </reporter-output>
        </test-method> <!-- update_PIM -->
        <test-method signature="delete_PIM()[pri:3, instance:basicTestng.OrangeHRM_PIM@537f60bf]" started-at="2024-09-18T21:02:02 IST" name="delete_PIM" finished-at="2024-09-18T21:02:02 IST" depends-on-methods="basicTestng.OrangeHRM_PIM.create_PIM" duration-ms="2" status="SKIP">
          <exception class="java.lang.Throwable">
            <message>
              <![CDATA[Method basicTestng.OrangeHRM_PIM.delete_PIM() on instance basicTestng.OrangeHRM_PIM@537f60bf depends on not successfully finished methods 
[basicTestng.OrangeHRM_PIM.create_PIM() on instance basicTestng.OrangeHRM_PIM@537f60bf]]]>
            </message>
            <full-stacktrace>
              <![CDATA[java.lang.Throwable: Method basicTestng.OrangeHRM_PIM.delete_PIM() on instance basicTestng.OrangeHRM_PIM@537f60bf depends on not successfully finished methods 
[basicTestng.OrangeHRM_PIM.create_PIM() on instance basicTestng.OrangeHRM_PIM@537f60bf]
at org.testng.internal.invokers.TestInvoker.invokeTestMethods(TestInvoker.java:156)
at org.testng.internal.invokers.TestMethodWorker.invokeTestMethods(TestMethodWorker.java:148)
at org.testng.internal.invokers.TestMethodWorker.run(TestMethodWorker.java:128)
at java.base/java.util.ArrayList.forEach(ArrayList.java:1511)
at org.testng.TestRunner.privateRun(TestRunner.java:848)
at org.testng.TestRunner.run(TestRunner.java:621)
at org.testng.SuiteRunner.runTest(SuiteRunner.java:443)
at org.testng.SuiteRunner.runSequentially(SuiteRunner.java:437)
at org.testng.SuiteRunner.privateRun(SuiteRunner.java:397)
at org.testng.SuiteRunner.run(SuiteRunner.java:336)
at org.testng.SuiteRunnerWorker.runSuite(SuiteRunnerWorker.java:52)
at org.testng.SuiteRunnerWorker.run(SuiteRunnerWorker.java:95)
at org.testng.TestNG.runSuitesSequentially(TestNG.java:1280)
at org.testng.TestNG.runSuitesLocally(TestNG.java:1200)
at org.testng.TestNG.runSuites(TestNG.java:1114)
at org.testng.TestNG.run(TestNG.java:1082)
at org.testng.remote.AbstractRemoteTestNG.run(AbstractRemoteTestNG.java:115)
at org.testng.remote.RemoteTestNG.initAndRun(RemoteTestNG.java:251)
at org.testng.remote.RemoteTestNG.main(RemoteTestNG.java:77)
]]>
            </full-stacktrace>
          </exception> <!-- java.lang.Throwable -->
          <reporter-output>
          </reporter-output>
        </test-method> <!-- delete_PIM -->
      </class> <!-- basicTestng.OrangeHRM_PIM -->
    </test> <!-- Test -->
  </suite> <!-- Suite -->
</testng-results>
