<?xml version="1.0" encoding="UTF-8"?>
<!-- Generated by org.testng.reporters.JUnitXMLReporter -->
<testsuite ignored="4" hostname="DESKTOP-LLLGMOJ" failures="1" tests="27" name="Test" time="16.511" errors="0" timestamp="2024-09-18T21:02:05 IST">
  <testcase classname="basicTestng.ActitimeLoginValidation" name="testLoginPageValidationWithAssert4" time="13.046"/>
  <testcase classname="basicTestng.OrangeHRM_PIM" name="create_PIM" time="0.003">
    <failure type="java.lang.ArithmeticException" message="/ by zero">
      <![CDATA[java.lang.ArithmeticException: / by zero
at basicTestng.OrangeHRM_PIM.create_PIM(OrangeHRM_PIM.java:9)
at java.base/java.util.ArrayList.forEach(ArrayList.java:1511)
... Removed 27 stack frames]]>
    </failure>
  </testcase> <!-- create_PIM -->
  <testcase classname="basicTestng.OrangeHRM_PIM" name="update_PIM" time="0.001">
    <skipped/>
  </testcase> <!-- update_PIM -->
  <testcase classname="basicTestng.OrangeHRM_PIM" name="delete_PIM" time="0.002">
    <skipped/>
  </testcase> <!-- delete_PIM -->
  <testcase classname="basicTestng.Example2" name="testCase1" time="0.006"/>
  <testcase classname="basicTestng.Example2" name="testCase2" time="0.013"/>
  <testcase classname="basicTestng.Example1" name="testCase1" time="0.003"/>
  <testcase classname="basicTestng.OrangeHRM_PIM2" name="create_PIM" time="0.002"/>
  <testcase classname="basicTestng.OrangeHRM_PIM2" name="create_PIM" time="0.003"/>
  <testcase classname="basicTestng.OrangeHRM_PIM2" name="create_PIM" time="0.002"/>
  <testcase classname="basicTestng.OrangeHRM_PIM2" name="update_PIM" time="1.513"/>
  <testcase classname="basicTestng.OrangeHRM_PIM2" name="delete_PIM" time="0.002"/>
  <testcase classname="basicTestng.Assignments" name="testActitimeLoginLogout" time="0.001"/>
  <testcase classname="basicTestng.Assignments" name="testOrangeHRMLoginLogout" time="0.001"/>
  <testcase classname="basicTestng.Assignments" name="testTricentisLoginLogout" time="0.003"/>
  <testcase classname="basicTestng.Assignments" name="testVtigerLoginLogout" time="0.002"/>
  <testcase classname="basicTestng.AnnotationsExample2" name="createPIM" time="0.001"/>
  <testcase classname="basicTestng.AnnotationsExample2" name="updatePIM" time="0.003"/>
  <testcase classname="basicTestng.AnnotationsExample2" name="deletePIM" time="0.001"/>
  <testcase classname="basicTestng.AnnotationsExample" name="createPIM" time="0.005"/>
  <testcase classname="basicTestng.AnnotationsExample" name="updatePIM" time="0.002"/>
  <testcase classname="basicTestng.AnnotationsExample" name="deletePIM" time="0.004"/>
  <testcase classname="basicTestng.OrangeHRM_PIM3" name="create_PIM" time="0.007"/>
  <testcase classname="basicTestng.OrangeHRM_PIM3" name="create_PIM" time="0.001"/>
  <testcase classname="basicTestng.OrangeHRM_PIM3" name="create_PIM" time="0.002"/>
  <testcase classname="basicTestng.OrangeHRM_PIM3" name="update_PIM" time="1.515"/>
  <testcase classname="basicTestng.OrangeHRM_PIM3" name="delete_PIM" time="0.001"/>
  <testcase classname="basicTestng.ActitimeLoginValidation" name="testLoginPageValidationWithAssert" time="0.0">
    <ignored/>
  </testcase> <!-- testLoginPageValidationWithAssert -->
  <testcase classname="basicTestng.ActitimeLoginValidation" name="testLoginPageValidationWithAssert3" time="0.0">
    <ignored/>
  </testcase> <!-- testLoginPageValidationWithAssert3 -->
  <testcase classname="basicTestng.ActitimeLoginValidation" name="testLoginPageValidationWithAssert2" time="0.0">
    <ignored/>
  </testcase> <!-- testLoginPageValidationWithAssert2 -->
  <testcase classname="basicTestng.ActitimeLoginValidation" name="testLoginPageValidationWithOutAssert" time="0.0">
    <ignored/>
  </testcase> <!-- testLoginPageValidationWithOutAssert -->
</testsuite> <!-- Test -->
