<?xml version="1.0" encoding="UTF-8"?>
<testng-results ignored="0" total="4" passed="4" failed="0" skipped="0">
  <reporter-output>
  </reporter-output>
  <suite started-at="2024-10-05T17:03:56 IST" name="Suite" finished-at="2024-10-05T17:04:33 IST" duration-ms="36602">
    <groups>
      <group name="cucumber">
        <method signature="AbstractTestNGCucumberTests.runScenario(io.cucumber.testng.PickleWrapper,io.cucumber.testng.FeatureWrapper)[pri:0, instance:runner.TestRunner@35dab4eb]" name="runScenario" class="io.cucumber.testng.AbstractTestNGCucumberTests"/>
      </group> <!-- cucumber -->
    </groups>
    <test started-at="2024-10-05T17:03:56 IST" name="TestOrangeHRMPIM" finished-at="2024-10-05T17:04:33 IST" duration-ms="36602">
      <class name="runner.TestRunner">
        <test-method is-config="true" signature="setUpClass()[pri:0, instance:runner.TestRunner@35dab4eb]" started-at="2024-10-05T17:03:56 IST" name="setUpClass" finished-at="2024-10-05T17:03:57 IST" duration-ms="1094" status="PASS">
          <reporter-output>
          </reporter-output>
        </test-method> <!-- setUpClass -->
        <test-method signature="runScenario(io.cucumber.testng.PickleWrapper,io.cucumber.testng.FeatureWrapper)[pri:0, instance:runner.TestRunner@35dab4eb]" started-at="2024-10-05T17:03:57 IST" name="runScenario" description="Runs Cucumber Scenarios" data-provider="scenarios" finished-at="2024-10-05T17:04:09 IST" duration-ms="11274" status="PASS">
          <params>
            <param index="0">
              <value>
                <![CDATA["Validate Actitime Login with invalid user"]]>
              </value>
            </param>
            <param index="1">
              <value>
                <![CDATA["Optional[Actitime Login validation]"]]>
              </value>
            </param>
          </params>
          <reporter-output>
          </reporter-output>
        </test-method> <!-- runScenario -->
        <test-method signature="runScenario(io.cucumber.testng.PickleWrapper,io.cucumber.testng.FeatureWrapper)[pri:0, instance:runner.TestRunner@35dab4eb]" started-at="2024-10-05T17:04:09 IST" name="runScenario" description="Runs Cucumber Scenarios" data-provider="scenarios" finished-at="2024-10-05T17:04:16 IST" duration-ms="7059" status="PASS">
          <params>
            <param index="0">
              <value>
                <![CDATA["Validate search result for Selenium"]]>
              </value>
            </param>
            <param index="1">
              <value>
                <![CDATA["Optional[Testing Google search flow]"]]>
              </value>
            </param>
          </params>
          <reporter-output>
          </reporter-output>
        </test-method> <!-- runScenario -->
        <test-method signature="runScenario(io.cucumber.testng.PickleWrapper,io.cucumber.testng.FeatureWrapper)[pri:0, instance:runner.TestRunner@35dab4eb]" started-at="2024-10-05T17:04:16 IST" name="runScenario" description="Runs Cucumber Scenarios" data-provider="scenarios" finished-at="2024-10-05T17:04:22 IST" duration-ms="6280" status="PASS">
          <params>
            <param index="0">
              <value>
                <![CDATA["Validate search result for Manual Testing"]]>
              </value>
            </param>
            <param index="1">
              <value>
                <![CDATA["Optional[Testing Google search flow]"]]>
              </value>
            </param>
          </params>
          <reporter-output>
          </reporter-output>
        </test-method> <!-- runScenario -->
        <test-method signature="runScenario(io.cucumber.testng.PickleWrapper,io.cucumber.testng.FeatureWrapper)[pri:0, instance:runner.TestRunner@35dab4eb]" started-at="2024-10-05T17:04:22 IST" name="runScenario" description="Runs Cucumber Scenarios" data-provider="scenarios" finished-at="2024-10-05T17:04:30 IST" duration-ms="8352" status="PASS">
          <params>
            <param index="0">
              <value>
                <![CDATA["Validate search result for API Testing"]]>
              </value>
            </param>
            <param index="1">
              <value>
                <![CDATA["Optional[Testing Google search flow]"]]>
              </value>
            </param>
          </params>
          <reporter-output>
          </reporter-output>
        </test-method> <!-- runScenario -->
        <test-method is-config="true" signature="tearDownClass()[pri:0, instance:runner.TestRunner@35dab4eb]" started-at="2024-10-05T17:04:30 IST" name="tearDownClass" finished-at="2024-10-05T17:04:33 IST" duration-ms="2406" status="PASS">
          <reporter-output>
          </reporter-output>
        </test-method> <!-- tearDownClass -->
      </class> <!-- runner.TestRunner -->
    </test> <!-- TestOrangeHRMPIM -->
  </suite> <!-- Suite -->
</testng-results>
