<?xml version="1.0" encoding="UTF-8"?>
<!-- Generated by org.testng.reporters.JUnitXMLReporter -->
<testsuite ignored="2" hostname="DESKTOP-LLLGMOJ" failures="0" tests="2" name="Testing Parameterization" time="8.534" errors="0" timestamp="2024-09-23T20:42:21 IST">
  <testcase classname="day11.advancetestng.Parameterization" name="testCaseOne" time="0.018"/>
  <testcase classname="day11.advancetestng.Parameterization" name="testLoginOfVtiger" time="8.366"/>
  <testcase classname="day11.advancetestng.Parameterization" name="testCaseTwo" time="0.0">
    <ignored/>
  </testcase> <!-- testCaseTwo -->
  <testcase classname="day11.advancetestng.Parameterization" name="testCaseThree" time="0.0">
    <ignored/>
  </testcase> <!-- testCaseThree -->
</testsuite> <!-- Testing Parameterization -->
