<?xml version="1.0" encoding="UTF-8"?>
<!-- Generated by org.testng.reporters.JUnitXMLReporter -->
<testsuite ignored="0" hostname="DESKTOP-LLLGMOJ" failures="0" tests="3" name="Default test" time="15.289" errors="0" timestamp="2024-09-23T20:54:20 IST">
  <testcase classname="day11.advancetestng.DataProviderExample2" name="testGoogleSearch" time="6.004"/>
  <testcase classname="day11.advancetestng.DataProviderExample2" name="testGoogleSearch" time="4.79"/>
  <testcase classname="day11.advancetestng.DataProviderExample2" name="testGoogleSearch" time="4.378"/>
</testsuite> <!-- Default test -->
