<?xml version="1.0" encoding="UTF-8"?>
<!-- Generated by org.testng.reporters.JUnitXMLReporter -->
<testsuite ignored="0" hostname="DESKTOP-LLLGMOJ" failures="0" tests="3" name="Default test" time="0.18" errors="0" timestamp="2024-09-18T20:58:31 IST">
  <testcase classname="basicTestng.AnnotationsExample" name="createPIM" time="0.016"/>
  <testcase classname="basicTestng.AnnotationsExample" name="updatePIM" time="0.003"/>
  <testcase classname="basicTestng.AnnotationsExample" name="deletePIM" time="0.003"/>
</testsuite> <!-- Default test -->
