<?xml version="1.0" encoding="UTF-8"?>
<!-- Generated by org.testng.reporters.JUnitXMLReporter -->
<testsuite ignored="0" hostname="DESKTOP-LLLGMOJ" failures="0" tests="10" name="testing" time="0.251" errors="0" timestamp="2024-09-23T20:37:02 IST">
  <testcase classname="day11.advancetestng.GroupExamples" name="testCaseFive" time="0.013"/>
  <testcase classname="day11.advancetestng.GroupExamples" name="testCaseFour" time="0.006"/>
  <testcase classname="day11.advancetestng.GroupExamples" name="testCaseOne" time="0.005"/>
  <testcase classname="day11.advancetestng.GroupExamples" name="testCaseThree" time="0.004"/>
  <testcase classname="day11.advancetestng.GroupExamples" name="testCaseTwo" time="0.002"/>
  <testcase classname="day11.advancetestng.GroupExamples2" name="testLeads" time="0.005"/>
  <testcase classname="day11.advancetestng.GroupExamples2" name="testLogin" time="0.004"/>
  <testcase classname="day11.advancetestng.GroupExamples2" name="testPIM" time="0.007"/>
  <testcase classname="day11.advancetestng.GroupExamples2" name="testSignIn" time="0.004"/>
  <testcase classname="day11.advancetestng.GroupExamples2" name="testTask" time="0.003"/>
</testsuite> <!-- testing -->
