<?xml version="1.0" encoding="UTF-8"?>
<!-- Generated by org.testng.reporters.JUnitXMLReporter -->
<testsuite ignored="0" hostname="DESKTOP-LLLGMOJ" failures="0" tests="4" name="Chrome" time="9.701" errors="0" timestamp="2024-09-23T21:00:05 IST">
  <testcase classname="day11.advancetestng.ParallelExecutionTest" name="testLoginOfVtiger" time="9.385"/>
  <testcase classname="basicTestng.AnnotationsExample" name="createPIM" time="0.017"/>
  <testcase classname="basicTestng.AnnotationsExample" name="updatePIM" time="0.033"/>
  <testcase classname="basicTestng.AnnotationsExample" name="deletePIM" time="0.002"/>
</testsuite> <!-- Chrome -->
