<?xml version="1.0" encoding="UTF-8"?>
<!-- Generated by org.testng.reporters.JUnitXMLReporter -->
<testsuite ignored="0" hostname="DESKTOP-LLLGMOJ" failures="0" tests="4" name="Firefox" time="16.551" errors="0" timestamp="2024-09-23T21:00:12 IST">
  <testcase classname="day11.advancetestng.ParallelExecutionTest" name="testLoginOfVtiger" time="16.349"/>
  <testcase classname="basicTestng.AnnotationsExample" name="createPIM" time="0.002"/>
  <testcase classname="basicTestng.AnnotationsExample" name="updatePIM" time="0.007"/>
  <testcase classname="basicTestng.AnnotationsExample" name="deletePIM" time="0.004"/>
</testsuite> <!-- Firefox -->
