<?xml version="1.0" encoding="UTF-8"?>
<!-- Generated by org.testng.reporters.JUnitXMLReporter -->
<testsuite ignored="0" hostname="DESKTOP-LLLGMOJ" failures="0" tests="2" name="Default test" time="10.571" errors="0" timestamp="2024-09-27T20:42:45 IST">
  <testcase classname="googleTestScripts.TestGoogleSearchFlow" name="testGoogleSuggestionCount" time="0.521"/>
  <testcase classname="googleTestScripts.TestGoogleSearchFlow" name="testSuggestionSelection" time="1.632"/>
</testsuite> <!-- Default test -->
